TN:
SF:controllers\TaskController.js
FN:1,<instance_members_initializer>
FN:4,TaskController
FN:8,all
FN:14,update
FNF:4
FNH:3
FNDA:1,<instance_members_initializer>
FNDA:1,TaskController
FNDA:1,all
FNDA:0,update
DA:1,1
DA:2,1
DA:3,1
DA:4,1
DA:5,1
DA:6,1
DA:7,1
DA:8,1
DA:9,1
DA:10,1
DA:11,1
DA:12,1
DA:13,1
DA:14,1
DA:15,0
DA:16,0
DA:17,0
DA:18,0
DA:19,0
DA:20,0
DA:21,0
DA:22,0
DA:23,0
DA:24,0
DA:25,0
DA:26,0
DA:27,0
DA:28,0
DA:29,1
LF:29
LH:15
BRDA:1,0,0,1
BRDA:4,1,0,1
BRDA:8,2,0,1
BRF:3
BRH:3
end_of_record
